<?xml version="1.0" encoding="UTF-8"?>
<testng-results ignored="0" total="2" passed="2" failed="0" skipped="0">
  <reporter-output>
  </reporter-output>
  <suite started-at="2024-02-26T01:09:45 EET" name="Default suite" finished-at="2024-02-26T01:10:34 EET" duration-ms="48650">
    <groups>
    </groups>
    <test started-at="2024-02-26T01:09:45 EET" name="Default test" finished-at="2024-02-26T01:10:34 EET" duration-ms="48650">
      <class name="Appium.Fisrt.AppTest">
        <test-method is-config="true" signature="setUp()[pri:0, instance:Appium.Fisrt.AppTest@38425407]" started-at="2024-02-26T01:09:45 EET" name="setUp" finished-at="2024-02-26T01:09:59 EET" duration-ms="14325" status="PASS">
          <reporter-output>
          </reporter-output>
        </test-method> <!-- setUp -->
        <test-method signature="Login()[pri:1, instance:Appium.Fisrt.AppTest@38425407]" started-at="2024-02-26T01:09:59 EET" name="Login" finished-at="2024-02-26T01:10:23 EET" duration-ms="23086" status="PASS">
          <reporter-output>
          </reporter-output>
        </test-method> <!-- Login -->
        <test-method signature="FillData()[pri:2, instance:Appium.Fisrt.AppTest@38425407]" started-at="2024-02-26T01:10:23 EET" name="FillData" finished-at="2024-02-26T01:10:34 EET" duration-ms="11192" status="PASS">
          <reporter-output>
          </reporter-output>
        </test-method> <!-- FillData -->
      </class> <!-- Appium.Fisrt.AppTest -->
    </test> <!-- Default test -->
  </suite> <!-- Default suite -->
</testng-results>
